{
  "stats": {
    "suites": 5,
    "tests": 20,
    "passes": 20,
    "pending": 0,
    "failures": 0,
    "testsRegistered": 20,
    "passPercent": 100,
    "pendingPercent": 0,
    "other": 0,
    "hasOther": false,
    "skipped": 0,
    "hasSkipped": false,
    "start": "2025-11-30T10:45:09.974Z",
    "end": "2025-11-30T10:45:49.409Z",
    "duration": 39435
  },
  "results": [
    {
      "uuid": "2831933f-9017-44d8-b969-a65d067cf575",
      "title": "",
      "fullFile": "cypress\\e2e\\header.cy.js",
      "file": "cypress\\e2e\\header.cy.js",
      "beforeHooks": [],
      "afterHooks": [],
      "tests": [],
      "suites": [
        {
          "uuid": "ce1ee553-90ec-4486-93ad-15e0f3e95dc7",
          "title": "For Header Section",
          "fullFile": "",
          "file": "",
          "beforeHooks": [],
          "afterHooks": [],
          "tests": [
            {
              "title": "TC-HEADER-001:To verify users can view the heading",
              "fullTitle": "For Header Section TC-HEADER-001:To verify users can view the heading",
              "timedOut": null,
              "duration": 3361,
              "state": "passed",
              "speed": "fast",
              "pass": true,
              "fail": false,
              "pending": false,
              "context": null,
              "code": "headerr.forTitle();",
              "err": {},
              "uuid": "8a1e6611-587c-4ec1-b983-7be4a60b4fd4",
              "parentUUID": "ce1ee553-90ec-4486-93ad-15e0f3e95dc7",
              "isHook": false,
              "skipped": false
            },
            {
              "title": "TC-HEADER-002: To verify user can view cart icon and hover it",
              "fullTitle": "For Header Section TC-HEADER-002: To verify user can view cart icon and hover it",
              "timedOut": null,
              "duration": 1195,
              "state": "passed",
              "speed": "fast",
              "pass": true,
              "fail": false,
              "pending": false,
              "context": null,
              "code": "headerr.forCartIcon();",
              "err": {},
              "uuid": "0d1c1402-321f-4440-b9d2-87532a4f7578",
              "parentUUID": "ce1ee553-90ec-4486-93ad-15e0f3e95dc7",
              "isHook": false,
              "skipped": false
            },
            {
              "title": "TC-HEADER-003: To verify user can view menu icon and hover it",
              "fullTitle": "For Header Section TC-HEADER-003: To verify user can view menu icon and hover it",
              "timedOut": null,
              "duration": 1329,
              "state": "passed",
              "speed": "fast",
              "pass": true,
              "fail": false,
              "pending": false,
              "context": null,
              "code": "headerr.forMenu();",
              "err": {},
              "uuid": "ffeed663-2317-45db-bb39-d77bf64ec820",
              "parentUUID": "ce1ee553-90ec-4486-93ad-15e0f3e95dc7",
              "isHook": false,
              "skipped": false
            }
          ],
          "suites": [],
          "passes": [
            "8a1e6611-587c-4ec1-b983-7be4a60b4fd4",
            "0d1c1402-321f-4440-b9d2-87532a4f7578",
            "ffeed663-2317-45db-bb39-d77bf64ec820"
          ],
          "failures": [],
          "pending": [],
          "skipped": [],
          "duration": 5885,
          "root": false,
          "rootEmpty": false,
          "_timeout": 2000
        }
      ],
      "passes": [],
      "failures": [],
      "pending": [],
      "skipped": [],
      "duration": 0,
      "root": true,
      "rootEmpty": true,
      "_timeout": 2000
    },
    {
      "uuid": "423fe924-f8a3-4a0a-b9a0-44564ffbc26e",
      "title": "",
      "fullFile": "cypress\\e2e\\login.cy.js",
      "file": "cypress\\e2e\\login.cy.js",
      "beforeHooks": [],
      "afterHooks": [],
      "tests": [],
      "suites": [
        {
          "uuid": "c920226d-a4f1-4346-a6b5-9813d866eff9",
          "title": "Login Test",
          "fullFile": "",
          "file": "",
          "beforeHooks": [],
          "afterHooks": [],
          "tests": [
            {
              "title": "should login successfully",
              "fullTitle": "Login Test should login successfully",
              "timedOut": null,
              "duration": 2261,
              "state": "passed",
              "speed": "fast",
              "pass": true,
              "fail": false,
              "pending": false,
              "context": null,
              "code": "cy.login(); // uses the custom command",
              "err": {},
              "uuid": "2001809f-cbd3-48aa-a894-5ed0591c731c",
              "parentUUID": "c920226d-a4f1-4346-a6b5-9813d866eff9",
              "isHook": false,
              "skipped": false
            }
          ],
          "suites": [],
          "passes": [
            "2001809f-cbd3-48aa-a894-5ed0591c731c"
          ],
          "failures": [],
          "pending": [],
          "skipped": [],
          "duration": 2261,
          "root": false,
          "rootEmpty": false,
          "_timeout": 2000
        }
      ],
      "passes": [],
      "failures": [],
      "pending": [],
      "skipped": [],
      "duration": 0,
      "root": true,
      "rootEmpty": true,
      "_timeout": 2000
    },
    {
      "uuid": "0fd0ea62-0185-47a2-97c0-4eceedfe7036",
      "title": "",
      "fullFile": "cypress\\e2e\\login_negative.cy.js",
      "file": "cypress\\e2e\\login_negative.cy.js",
      "beforeHooks": [],
      "afterHooks": [],
      "tests": [],
      "suites": [
        {
          "uuid": "7c95215f-410e-4948-b5f6-dd4fd8ed4812",
          "title": "Negative Login Test",
          "fullFile": "",
          "file": "",
          "beforeHooks": [],
          "afterHooks": [],
          "tests": [
            {
              "title": "TC-LOGIN-002:Valid username and invalid password",
              "fullTitle": "Negative Login Test TC-LOGIN-002:Valid username and invalid password",
              "timedOut": null,
              "duration": 1820,
              "state": "passed",
              "speed": "fast",
              "pass": true,
              "fail": false,
              "pending": false,
              "context": null,
              "code": "cy.visit('/');\nlogin.loginInvalid(Cypress.env('USERNAME'), 'wrong password');",
              "err": {},
              "uuid": "3d8f12e8-57e4-4c34-9d94-cd8e111b653a",
              "parentUUID": "7c95215f-410e-4948-b5f6-dd4fd8ed4812",
              "isHook": false,
              "skipped": false
            },
            {
              "title": "TC-LOGIN-003:Invalid username and valid password ",
              "fullTitle": "Negative Login Test TC-LOGIN-003:Invalid username and valid password ",
              "timedOut": null,
              "duration": 1239,
              "state": "passed",
              "speed": "fast",
              "pass": true,
              "fail": false,
              "pending": false,
              "context": null,
              "code": "cy.visit('/');\nlogin.loginInvalid('blue_flower', Cypress.env('PASSWORD'));",
              "err": {},
              "uuid": "0cac7d34-0aee-4071-b483-c51665278052",
              "parentUUID": "7c95215f-410e-4948-b5f6-dd4fd8ed4812",
              "isHook": false,
              "skipped": false
            },
            {
              "title": "TC-LOGIN-004:Empty uername and valid Password",
              "fullTitle": "Negative Login Test TC-LOGIN-004:Empty uername and valid Password",
              "timedOut": null,
              "duration": 818,
              "state": "passed",
              "speed": "fast",
              "pass": true,
              "fail": false,
              "pending": false,
              "context": null,
              "code": "cy.visit('/');\nlogin.loginInvalid('', Cypress.env('PASSWORD'));",
              "err": {},
              "uuid": "41b01f89-004a-4f30-8417-217f632c818f",
              "parentUUID": "7c95215f-410e-4948-b5f6-dd4fd8ed4812",
              "isHook": false,
              "skipped": false
            },
            {
              "title": "TC-LOGIN-005:Valid username and empty password",
              "fullTitle": "Negative Login Test TC-LOGIN-005:Valid username and empty password",
              "timedOut": null,
              "duration": 628,
              "state": "passed",
              "speed": "fast",
              "pass": true,
              "fail": false,
              "pending": false,
              "context": null,
              "code": "cy.visit('/');\nlogin.loginInvalid(Cypress.env('USERNAME', ''));",
              "err": {},
              "uuid": "f937fd51-7a5f-450f-8611-0e704326ea45",
              "parentUUID": "7c95215f-410e-4948-b5f6-dd4fd8ed4812",
              "isHook": false,
              "skipped": false
            }
          ],
          "suites": [],
          "passes": [
            "3d8f12e8-57e4-4c34-9d94-cd8e111b653a",
            "0cac7d34-0aee-4071-b483-c51665278052",
            "41b01f89-004a-4f30-8417-217f632c818f",
            "f937fd51-7a5f-450f-8611-0e704326ea45"
          ],
          "failures": [],
          "pending": [],
          "skipped": [],
          "duration": 4505,
          "root": false,
          "rootEmpty": false,
          "_timeout": 2000
        }
      ],
      "passes": [],
      "failures": [],
      "pending": [],
      "skipped": [],
      "duration": 0,
      "root": true,
      "rootEmpty": true,
      "_timeout": 2000
    },
    {
      "uuid": "a495a8af-fc92-4f3c-b408-a9f361604fda",
      "title": "",
      "fullFile": "cypress\\e2e\\product.cy.js",
      "file": "cypress\\e2e\\product.cy.js",
      "beforeHooks": [],
      "afterHooks": [],
      "tests": [],
      "suites": [
        {
          "uuid": "a52858c7-29f9-4f43-bace-c52dbff7964e",
          "title": "Product page",
          "fullFile": "",
          "file": "",
          "beforeHooks": [],
          "afterHooks": [],
          "tests": [
            {
              "title": "TC-PRODUCT-001: to verify users can view heading on product title ",
              "fullTitle": "Product page TC-PRODUCT-001: to verify users can view heading on product title ",
              "timedOut": null,
              "duration": 1747,
              "state": "passed",
              "speed": "fast",
              "pass": true,
              "fail": false,
              "pending": false,
              "context": null,
              "code": "prod.assertProductTitle();",
              "err": {},
              "uuid": "d9f32fe2-e6f8-4204-8bf1-dd468bdbfe4a",
              "parentUUID": "a52858c7-29f9-4f43-bace-c52dbff7964e",
              "isHook": false,
              "skipped": false
            },
            {
              "title": "TC-PRODUCT-002: To verify users can view filter dropdown",
              "fullTitle": "Product page TC-PRODUCT-002: To verify users can view filter dropdown",
              "timedOut": null,
              "duration": 1186,
              "state": "passed",
              "speed": "fast",
              "pass": true,
              "fail": false,
              "pending": false,
              "context": null,
              "code": "prod.assertDropdown();",
              "err": {},
              "uuid": "f6098a08-2d00-4f07-9f21-67b2975595b3",
              "parentUUID": "a52858c7-29f9-4f43-bace-c52dbff7964e",
              "isHook": false,
              "skipped": false
            },
            {
              "title": "TC-PRODUCT-003: To verify users can change filters",
              "fullTitle": "Product page TC-PRODUCT-003: To verify users can change filters",
              "timedOut": null,
              "duration": 1529,
              "state": "passed",
              "speed": "fast",
              "pass": true,
              "fail": false,
              "pending": false,
              "context": null,
              "code": "prod.clickFilter();",
              "err": {},
              "uuid": "80219489-5f04-4d23-b936-4292b6f5dbbf",
              "parentUUID": "a52858c7-29f9-4f43-bace-c52dbff7964e",
              "isHook": false,
              "skipped": false
            },
            {
              "title": "TC-PRODUCT-004: To verify users can view the product image",
              "fullTitle": "Product page TC-PRODUCT-004: To verify users can view the product image",
              "timedOut": null,
              "duration": 1076,
              "state": "passed",
              "speed": "fast",
              "pass": true,
              "fail": false,
              "pending": false,
              "context": null,
              "code": "prod.assertProductImage();",
              "err": {},
              "uuid": "1c2f5f79-0f89-4788-95f3-9c88c609bdb0",
              "parentUUID": "a52858c7-29f9-4f43-bace-c52dbff7964e",
              "isHook": false,
              "skipped": false
            },
            {
              "title": "TC-PRODUCT-005: To verify user can add product to cart",
              "fullTitle": "Product page TC-PRODUCT-005: To verify user can add product to cart",
              "timedOut": null,
              "duration": 1113,
              "state": "passed",
              "speed": "fast",
              "pass": true,
              "fail": false,
              "pending": false,
              "context": null,
              "code": "prod.clickAddProduct();",
              "err": {},
              "uuid": "ad49ce93-b9d2-4587-9f35-f52b93e3d7d1",
              "parentUUID": "a52858c7-29f9-4f43-bace-c52dbff7964e",
              "isHook": false,
              "skipped": false
            },
            {
              "title": "TC-PRODUCT-006: To verify users can remove product from cart.",
              "fullTitle": "Product page TC-PRODUCT-006: To verify users can remove product from cart.",
              "timedOut": null,
              "duration": 1218,
              "state": "passed",
              "speed": "fast",
              "pass": true,
              "fail": false,
              "pending": false,
              "context": null,
              "code": "prod.clickAddProduct();\nprod.clickRemoveProduct();",
              "err": {},
              "uuid": "942c22fb-e5a5-4ae6-a208-fdae7e4fadff",
              "parentUUID": "a52858c7-29f9-4f43-bace-c52dbff7964e",
              "isHook": false,
              "skipped": false
            },
            {
              "title": "TC-PRODUCt-007: to verify users can use go back page",
              "fullTitle": "Product page TC-PRODUCt-007: to verify users can use go back page",
              "timedOut": null,
              "duration": 1250,
              "state": "passed",
              "speed": "fast",
              "pass": true,
              "fail": false,
              "pending": false,
              "context": null,
              "code": "prod.clickBagProduct();\nprod.clickBackToProduct();",
              "err": {},
              "uuid": "eb0fb326-3758-4c6a-8e03-b4b8be6cb3aa",
              "parentUUID": "a52858c7-29f9-4f43-bace-c52dbff7964e",
              "isHook": false,
              "skipped": false
            },
            {
              "title": "TC-PRODUCT-008: To verify users can filter product from price",
              "fullTitle": "Product page TC-PRODUCT-008: To verify users can filter product from price",
              "timedOut": null,
              "duration": 1347,
              "state": "passed",
              "speed": "fast",
              "pass": true,
              "fail": false,
              "pending": false,
              "context": null,
              "code": "prod.filterholi();",
              "err": {},
              "uuid": "8d460a13-4f9f-420b-984b-bf91f31c3197",
              "parentUUID": "a52858c7-29f9-4f43-bace-c52dbff7964e",
              "isHook": false,
              "skipped": false
            }
          ],
          "suites": [],
          "passes": [
            "d9f32fe2-e6f8-4204-8bf1-dd468bdbfe4a",
            "f6098a08-2d00-4f07-9f21-67b2975595b3",
            "80219489-5f04-4d23-b936-4292b6f5dbbf",
            "1c2f5f79-0f89-4788-95f3-9c88c609bdb0",
            "ad49ce93-b9d2-4587-9f35-f52b93e3d7d1",
            "942c22fb-e5a5-4ae6-a208-fdae7e4fadff",
            "eb0fb326-3758-4c6a-8e03-b4b8be6cb3aa",
            "8d460a13-4f9f-420b-984b-bf91f31c3197"
          ],
          "failures": [],
          "pending": [],
          "skipped": [],
          "duration": 10466,
          "root": false,
          "rootEmpty": false,
          "_timeout": 2000
        }
      ],
      "passes": [],
      "failures": [],
      "pending": [],
      "skipped": [],
      "duration": 0,
      "root": true,
      "rootEmpty": true,
      "_timeout": 2000
    },
    {
      "uuid": "0db41fc9-77e1-4426-8caf-16db8b14c726",
      "title": "",
      "fullFile": "cypress\\e2e\\sidebar.cy.js",
      "file": "cypress\\e2e\\sidebar.cy.js",
      "beforeHooks": [],
      "afterHooks": [],
      "tests": [],
      "suites": [
        {
          "uuid": "1e755f2a-4572-4728-b7c4-dd0a3019a4c9",
          "title": "For sidebar menu",
          "fullFile": "",
          "file": "",
          "beforeHooks": [],
          "afterHooks": [],
          "tests": [
            {
              "title": "TC-SIDEBAR-001: To verify users can view and click the sidebar icon",
              "fullTitle": "For sidebar menu TC-SIDEBAR-001: To verify users can view and click the sidebar icon",
              "timedOut": null,
              "duration": 1723,
              "state": "passed",
              "speed": "fast",
              "pass": true,
              "fail": false,
              "pending": false,
              "context": null,
              "code": "sidebar.clickHamburgerMenu();",
              "err": {},
              "uuid": "0112e150-d9c9-411a-a0ed-2fc678f7fc43",
              "parentUUID": "1e755f2a-4572-4728-b7c4-dd0a3019a4c9",
              "isHook": false,
              "skipped": false
            },
            {
              "title": "TC-SIDEBAR-002: To verify users can view all the pages",
              "fullTitle": "For sidebar menu TC-SIDEBAR-002: To verify users can view all the pages",
              "timedOut": null,
              "duration": 1569,
              "state": "passed",
              "speed": "fast",
              "pass": true,
              "fail": false,
              "pending": false,
              "context": null,
              "code": "sidebar.assertSidebarItems();",
              "err": {},
              "uuid": "d36d7b00-cbf5-4195-9155-d01f3a75becf",
              "parentUUID": "1e755f2a-4572-4728-b7c4-dd0a3019a4c9",
              "isHook": false,
              "skipped": false
            },
            {
              "title": "TC-SIDEBAR-003: To verify users can close the sidebar",
              "fullTitle": "For sidebar menu TC-SIDEBAR-003: To verify users can close the sidebar",
              "timedOut": null,
              "duration": 1703,
              "state": "passed",
              "speed": "fast",
              "pass": true,
              "fail": false,
              "pending": false,
              "context": null,
              "code": "sidebar.clickCrossButton();",
              "err": {},
              "uuid": "ee248bc5-0b62-4705-a957-184d7f156ac6",
              "parentUUID": "1e755f2a-4572-4728-b7c4-dd0a3019a4c9",
              "isHook": false,
              "skipped": false
            },
            {
              "title": "TC-SIDEBAR-004: To verify users",
              "fullTitle": "For sidebar menu TC-SIDEBAR-004: To verify users",
              "timedOut": null,
              "duration": 1047,
              "state": "passed",
              "speed": "fast",
              "pass": true,
              "fail": false,
              "pending": false,
              "context": null,
              "code": "",
              "err": {},
              "uuid": "c1caca22-682c-4f4e-9d41-168fe1a50fb8",
              "parentUUID": "1e755f2a-4572-4728-b7c4-dd0a3019a4c9",
              "isHook": false,
              "skipped": false
            }
          ],
          "suites": [],
          "passes": [
            "0112e150-d9c9-411a-a0ed-2fc678f7fc43",
            "d36d7b00-cbf5-4195-9155-d01f3a75becf",
            "ee248bc5-0b62-4705-a957-184d7f156ac6",
            "c1caca22-682c-4f4e-9d41-168fe1a50fb8"
          ],
          "failures": [],
          "pending": [],
          "skipped": [],
          "duration": 6042,
          "root": false,
          "rootEmpty": false,
          "_timeout": 2000
        }
      ],
      "passes": [],
      "failures": [],
      "pending": [],
      "skipped": [],
      "duration": 0,
      "root": true,
      "rootEmpty": true,
      "_timeout": 2000
    }
  ],
  "meta": {
    "mocha": {
      "version": "7.2.0"
    },
    "mochawesome": {
      "options": {
        "quiet": false,
        "reportFilename": "mochawesome",
        "saveHtml": false,
        "saveJson": true,
        "consoleReporter": "spec",
        "useInlineDiffs": false,
        "code": true
      },
      "version": "7.1.4"
    },
    "marge": {
      "options": {
        "reportDir": "cypress/reports",
        "overwrite": false,
        "html": false,
        "json": true,
        "saveHtml": false,
        "saveJson": true,
        "timestamp": "mmddyyyy_HHMMss"
      },
      "version": "6.3.2"
    }
  }
}