{
  "stats": {
    "suites": 1,
    "tests": 4,
    "passes": 4,
    "pending": 0,
    "failures": 0,
    "start": "2025-11-30T10:45:23.060Z",
    "end": "2025-11-30T10:45:27.703Z",
    "duration": 4643,
    "testsRegistered": 4,
    "passPercent": 100,
    "pendingPercent": 0,
    "other": 0,
    "hasOther": false,
    "skipped": 0,
    "hasSkipped": false
  },
  "results": [
    {
      "uuid": "0fd0ea62-0185-47a2-97c0-4eceedfe7036",
      "title": "",
      "fullFile": "cypress\\e2e\\login_negative.cy.js",
      "file": "cypress\\e2e\\login_negative.cy.js",
      "beforeHooks": [],
      "afterHooks": [],
      "tests": [],
      "suites": [
        {
          "uuid": "7c95215f-410e-4948-b5f6-dd4fd8ed4812",
          "title": "Negative Login Test",
          "fullFile": "",
          "file": "",
          "beforeHooks": [],
          "afterHooks": [],
          "tests": [
            {
              "title": "TC-LOGIN-002:Valid username and invalid password",
              "fullTitle": "Negative Login Test TC-LOGIN-002:Valid username and invalid password",
              "timedOut": null,
              "duration": 1820,
              "state": "passed",
              "speed": "fast",
              "pass": true,
              "fail": false,
              "pending": false,
              "context": null,
              "code": "cy.visit('/');\nlogin.loginInvalid(Cypress.env('USERNAME'), 'wrong password');",
              "err": {},
              "uuid": "3d8f12e8-57e4-4c34-9d94-cd8e111b653a",
              "parentUUID": "7c95215f-410e-4948-b5f6-dd4fd8ed4812",
              "isHook": false,
              "skipped": false
            },
            {
              "title": "TC-LOGIN-003:Invalid username and valid password ",
              "fullTitle": "Negative Login Test TC-LOGIN-003:Invalid username and valid password ",
              "timedOut": null,
              "duration": 1239,
              "state": "passed",
              "speed": "fast",
              "pass": true,
              "fail": false,
              "pending": false,
              "context": null,
              "code": "cy.visit('/');\nlogin.loginInvalid('blue_flower', Cypress.env('PASSWORD'));",
              "err": {},
              "uuid": "0cac7d34-0aee-4071-b483-c51665278052",
              "parentUUID": "7c95215f-410e-4948-b5f6-dd4fd8ed4812",
              "isHook": false,
              "skipped": false
            },
            {
              "title": "TC-LOGIN-004:Empty uername and valid Password",
              "fullTitle": "Negative Login Test TC-LOGIN-004:Empty uername and valid Password",
              "timedOut": null,
              "duration": 818,
              "state": "passed",
              "speed": "fast",
              "pass": true,
              "fail": false,
              "pending": false,
              "context": null,
              "code": "cy.visit('/');\nlogin.loginInvalid('', Cypress.env('PASSWORD'));",
              "err": {},
              "uuid": "41b01f89-004a-4f30-8417-217f632c818f",
              "parentUUID": "7c95215f-410e-4948-b5f6-dd4fd8ed4812",
              "isHook": false,
              "skipped": false
            },
            {
              "title": "TC-LOGIN-005:Valid username and empty password",
              "fullTitle": "Negative Login Test TC-LOGIN-005:Valid username and empty password",
              "timedOut": null,
              "duration": 628,
              "state": "passed",
              "speed": "fast",
              "pass": true,
              "fail": false,
              "pending": false,
              "context": null,
              "code": "cy.visit('/');\nlogin.loginInvalid(Cypress.env('USERNAME', ''));",
              "err": {},
              "uuid": "f937fd51-7a5f-450f-8611-0e704326ea45",
              "parentUUID": "7c95215f-410e-4948-b5f6-dd4fd8ed4812",
              "isHook": false,
              "skipped": false
            }
          ],
          "suites": [],
          "passes": [
            "3d8f12e8-57e4-4c34-9d94-cd8e111b653a",
            "0cac7d34-0aee-4071-b483-c51665278052",
            "41b01f89-004a-4f30-8417-217f632c818f",
            "f937fd51-7a5f-450f-8611-0e704326ea45"
          ],
          "failures": [],
          "pending": [],
          "skipped": [],
          "duration": 4505,
          "root": false,
          "rootEmpty": false,
          "_timeout": 2000
        }
      ],
      "passes": [],
      "failures": [],
      "pending": [],
      "skipped": [],
      "duration": 0,
      "root": true,
      "rootEmpty": true,
      "_timeout": 2000
    }
  ],
  "meta": {
    "mocha": {
      "version": "7.2.0"
    },
    "mochawesome": {
      "options": {
        "quiet": false,
        "reportFilename": "mochawesome",
        "saveHtml": false,
        "saveJson": true,
        "consoleReporter": "spec",
        "useInlineDiffs": false,
        "code": true
      },
      "version": "7.1.4"
    },
    "marge": {
      "options": {
        "reportDir": "cypress/reports",
        "overwrite": false,
        "html": false,
        "json": true,
        "saveHtml": false,
        "saveJson": true,
        "timestamp": "mmddyyyy_HHMMss"
      },
      "version": "6.3.2"
    }
  }
}