{
  "stats": {
    "suites": 1,
    "tests": 4,
    "passes": 4,
    "pending": 0,
    "failures": 0,
    "start": "2025-11-30T10:45:43.163Z",
    "end": "2025-11-30T10:45:49.409Z",
    "duration": 6246,
    "testsRegistered": 4,
    "passPercent": 100,
    "pendingPercent": 0,
    "other": 0,
    "hasOther": false,
    "skipped": 0,
    "hasSkipped": false
  },
  "results": [
    {
      "uuid": "0db41fc9-77e1-4426-8caf-16db8b14c726",
      "title": "",
      "fullFile": "cypress\\e2e\\sidebar.cy.js",
      "file": "cypress\\e2e\\sidebar.cy.js",
      "beforeHooks": [],
      "afterHooks": [],
      "tests": [],
      "suites": [
        {
          "uuid": "1e755f2a-4572-4728-b7c4-dd0a3019a4c9",
          "title": "For sidebar menu",
          "fullFile": "",
          "file": "",
          "beforeHooks": [],
          "afterHooks": [],
          "tests": [
            {
              "title": "TC-SIDEBAR-001: To verify users can view and click the sidebar icon",
              "fullTitle": "For sidebar menu TC-SIDEBAR-001: To verify users can view and click the sidebar icon",
              "timedOut": null,
              "duration": 1723,
              "state": "passed",
              "speed": "fast",
              "pass": true,
              "fail": false,
              "pending": false,
              "context": null,
              "code": "sidebar.clickHamburgerMenu();",
              "err": {},
              "uuid": "0112e150-d9c9-411a-a0ed-2fc678f7fc43",
              "parentUUID": "1e755f2a-4572-4728-b7c4-dd0a3019a4c9",
              "isHook": false,
              "skipped": false
            },
            {
              "title": "TC-SIDEBAR-002: To verify users can view all the pages",
              "fullTitle": "For sidebar menu TC-SIDEBAR-002: To verify users can view all the pages",
              "timedOut": null,
              "duration": 1569,
              "state": "passed",
              "speed": "fast",
              "pass": true,
              "fail": false,
              "pending": false,
              "context": null,
              "code": "sidebar.assertSidebarItems();",
              "err": {},
              "uuid": "d36d7b00-cbf5-4195-9155-d01f3a75becf",
              "parentUUID": "1e755f2a-4572-4728-b7c4-dd0a3019a4c9",
              "isHook": false,
              "skipped": false
            },
            {
              "title": "TC-SIDEBAR-003: To verify users can close the sidebar",
              "fullTitle": "For sidebar menu TC-SIDEBAR-003: To verify users can close the sidebar",
              "timedOut": null,
              "duration": 1703,
              "state": "passed",
              "speed": "fast",
              "pass": true,
              "fail": false,
              "pending": false,
              "context": null,
              "code": "sidebar.clickCrossButton();",
              "err": {},
              "uuid": "ee248bc5-0b62-4705-a957-184d7f156ac6",
              "parentUUID": "1e755f2a-4572-4728-b7c4-dd0a3019a4c9",
              "isHook": false,
              "skipped": false
            },
            {
              "title": "TC-SIDEBAR-004: To verify users",
              "fullTitle": "For sidebar menu TC-SIDEBAR-004: To verify users",
              "timedOut": null,
              "duration": 1047,
              "state": "passed",
              "speed": "fast",
              "pass": true,
              "fail": false,
              "pending": false,
              "context": null,
              "code": "",
              "err": {},
              "uuid": "c1caca22-682c-4f4e-9d41-168fe1a50fb8",
              "parentUUID": "1e755f2a-4572-4728-b7c4-dd0a3019a4c9",
              "isHook": false,
              "skipped": false
            }
          ],
          "suites": [],
          "passes": [
            "0112e150-d9c9-411a-a0ed-2fc678f7fc43",
            "d36d7b00-cbf5-4195-9155-d01f3a75becf",
            "ee248bc5-0b62-4705-a957-184d7f156ac6",
            "c1caca22-682c-4f4e-9d41-168fe1a50fb8"
          ],
          "failures": [],
          "pending": [],
          "skipped": [],
          "duration": 6042,
          "root": false,
          "rootEmpty": false,
          "_timeout": 2000
        }
      ],
      "passes": [],
      "failures": [],
      "pending": [],
      "skipped": [],
      "duration": 0,
      "root": true,
      "rootEmpty": true,
      "_timeout": 2000
    }
  ],
  "meta": {
    "mocha": {
      "version": "7.2.0"
    },
    "mochawesome": {
      "options": {
        "quiet": false,
        "reportFilename": "mochawesome",
        "saveHtml": false,
        "saveJson": true,
        "consoleReporter": "spec",
        "useInlineDiffs": false,
        "code": true
      },
      "version": "7.1.4"
    },
    "marge": {
      "options": {
        "reportDir": "cypress/reports",
        "overwrite": false,
        "html": false,
        "json": true,
        "saveHtml": false,
        "saveJson": true,
        "timestamp": "mmddyyyy_HHMMss"
      },
      "version": "6.3.2"
    }
  }
}