{
  "stats": {
    "suites": 1,
    "tests": 8,
    "passes": 8,
    "pending": 0,
    "failures": 0,
    "start": "2025-11-30T10:45:30.032Z",
    "end": "2025-11-30T10:45:40.802Z",
    "duration": 10770,
    "testsRegistered": 8,
    "passPercent": 100,
    "pendingPercent": 0,
    "other": 0,
    "hasOther": false,
    "skipped": 0,
    "hasSkipped": false
  },
  "results": [
    {
      "uuid": "a495a8af-fc92-4f3c-b408-a9f361604fda",
      "title": "",
      "fullFile": "cypress\\e2e\\product.cy.js",
      "file": "cypress\\e2e\\product.cy.js",
      "beforeHooks": [],
      "afterHooks": [],
      "tests": [],
      "suites": [
        {
          "uuid": "a52858c7-29f9-4f43-bace-c52dbff7964e",
          "title": "Product page",
          "fullFile": "",
          "file": "",
          "beforeHooks": [],
          "afterHooks": [],
          "tests": [
            {
              "title": "TC-PRODUCT-001: to verify users can view heading on product title ",
              "fullTitle": "Product page TC-PRODUCT-001: to verify users can view heading on product title ",
              "timedOut": null,
              "duration": 1747,
              "state": "passed",
              "speed": "fast",
              "pass": true,
              "fail": false,
              "pending": false,
              "context": null,
              "code": "prod.assertProductTitle();",
              "err": {},
              "uuid": "d9f32fe2-e6f8-4204-8bf1-dd468bdbfe4a",
              "parentUUID": "a52858c7-29f9-4f43-bace-c52dbff7964e",
              "isHook": false,
              "skipped": false
            },
            {
              "title": "TC-PRODUCT-002: To verify users can view filter dropdown",
              "fullTitle": "Product page TC-PRODUCT-002: To verify users can view filter dropdown",
              "timedOut": null,
              "duration": 1186,
              "state": "passed",
              "speed": "fast",
              "pass": true,
              "fail": false,
              "pending": false,
              "context": null,
              "code": "prod.assertDropdown();",
              "err": {},
              "uuid": "f6098a08-2d00-4f07-9f21-67b2975595b3",
              "parentUUID": "a52858c7-29f9-4f43-bace-c52dbff7964e",
              "isHook": false,
              "skipped": false
            },
            {
              "title": "TC-PRODUCT-003: To verify users can change filters",
              "fullTitle": "Product page TC-PRODUCT-003: To verify users can change filters",
              "timedOut": null,
              "duration": 1529,
              "state": "passed",
              "speed": "fast",
              "pass": true,
              "fail": false,
              "pending": false,
              "context": null,
              "code": "prod.clickFilter();",
              "err": {},
              "uuid": "80219489-5f04-4d23-b936-4292b6f5dbbf",
              "parentUUID": "a52858c7-29f9-4f43-bace-c52dbff7964e",
              "isHook": false,
              "skipped": false
            },
            {
              "title": "TC-PRODUCT-004: To verify users can view the product image",
              "fullTitle": "Product page TC-PRODUCT-004: To verify users can view the product image",
              "timedOut": null,
              "duration": 1076,
              "state": "passed",
              "speed": "fast",
              "pass": true,
              "fail": false,
              "pending": false,
              "context": null,
              "code": "prod.assertProductImage();",
              "err": {},
              "uuid": "1c2f5f79-0f89-4788-95f3-9c88c609bdb0",
              "parentUUID": "a52858c7-29f9-4f43-bace-c52dbff7964e",
              "isHook": false,
              "skipped": false
            },
            {
              "title": "TC-PRODUCT-005: To verify user can add product to cart",
              "fullTitle": "Product page TC-PRODUCT-005: To verify user can add product to cart",
              "timedOut": null,
              "duration": 1113,
              "state": "passed",
              "speed": "fast",
              "pass": true,
              "fail": false,
              "pending": false,
              "context": null,
              "code": "prod.clickAddProduct();",
              "err": {},
              "uuid": "ad49ce93-b9d2-4587-9f35-f52b93e3d7d1",
              "parentUUID": "a52858c7-29f9-4f43-bace-c52dbff7964e",
              "isHook": false,
              "skipped": false
            },
            {
              "title": "TC-PRODUCT-006: To verify users can remove product from cart.",
              "fullTitle": "Product page TC-PRODUCT-006: To verify users can remove product from cart.",
              "timedOut": null,
              "duration": 1218,
              "state": "passed",
              "speed": "fast",
              "pass": true,
              "fail": false,
              "pending": false,
              "context": null,
              "code": "prod.clickAddProduct();\nprod.clickRemoveProduct();",
              "err": {},
              "uuid": "942c22fb-e5a5-4ae6-a208-fdae7e4fadff",
              "parentUUID": "a52858c7-29f9-4f43-bace-c52dbff7964e",
              "isHook": false,
              "skipped": false
            },
            {
              "title": "TC-PRODUCt-007: to verify users can use go back page",
              "fullTitle": "Product page TC-PRODUCt-007: to verify users can use go back page",
              "timedOut": null,
              "duration": 1250,
              "state": "passed",
              "speed": "fast",
              "pass": true,
              "fail": false,
              "pending": false,
              "context": null,
              "code": "prod.clickBagProduct();\nprod.clickBackToProduct();",
              "err": {},
              "uuid": "eb0fb326-3758-4c6a-8e03-b4b8be6cb3aa",
              "parentUUID": "a52858c7-29f9-4f43-bace-c52dbff7964e",
              "isHook": false,
              "skipped": false
            },
            {
              "title": "TC-PRODUCT-008: To verify users can filter product from price",
              "fullTitle": "Product page TC-PRODUCT-008: To verify users can filter product from price",
              "timedOut": null,
              "duration": 1347,
              "state": "passed",
              "speed": "fast",
              "pass": true,
              "fail": false,
              "pending": false,
              "context": null,
              "code": "prod.filterholi();",
              "err": {},
              "uuid": "8d460a13-4f9f-420b-984b-bf91f31c3197",
              "parentUUID": "a52858c7-29f9-4f43-bace-c52dbff7964e",
              "isHook": false,
              "skipped": false
            }
          ],
          "suites": [],
          "passes": [
            "d9f32fe2-e6f8-4204-8bf1-dd468bdbfe4a",
            "f6098a08-2d00-4f07-9f21-67b2975595b3",
            "80219489-5f04-4d23-b936-4292b6f5dbbf",
            "1c2f5f79-0f89-4788-95f3-9c88c609bdb0",
            "ad49ce93-b9d2-4587-9f35-f52b93e3d7d1",
            "942c22fb-e5a5-4ae6-a208-fdae7e4fadff",
            "eb0fb326-3758-4c6a-8e03-b4b8be6cb3aa",
            "8d460a13-4f9f-420b-984b-bf91f31c3197"
          ],
          "failures": [],
          "pending": [],
          "skipped": [],
          "duration": 10466,
          "root": false,
          "rootEmpty": false,
          "_timeout": 2000
        }
      ],
      "passes": [],
      "failures": [],
      "pending": [],
      "skipped": [],
      "duration": 0,
      "root": true,
      "rootEmpty": true,
      "_timeout": 2000
    }
  ],
  "meta": {
    "mocha": {
      "version": "7.2.0"
    },
    "mochawesome": {
      "options": {
        "quiet": false,
        "reportFilename": "mochawesome",
        "saveHtml": false,
        "saveJson": true,
        "consoleReporter": "spec",
        "useInlineDiffs": false,
        "code": true
      },
      "version": "7.1.4"
    },
    "marge": {
      "options": {
        "reportDir": "cypress/reports",
        "overwrite": false,
        "html": false,
        "json": true,
        "saveHtml": false,
        "saveJson": true,
        "timestamp": "mmddyyyy_HHMMss"
      },
      "version": "6.3.2"
    }
  }
}